{"/Users/zombiemac/bytezApp/packages/express-backend/models/restaurants.js": {"path":"/Users/zombiemac/bytezApp/packages/express-backend/models/restaurants.js","statementMap":{"0":{"start":{"line":3,"column":25},"end":{"line":47,"column":1}},"1":{"start":{"line":49,"column":19},"end":{"line":52,"column":1}}},"fnMap":{},"branchMap":{},"s":{"0":2,"1":2},"f":{},"b":{},"_coverageSchema":"1a1c01bbd47fc00a2c39e90264f33305004495a9","hash":"69966735ea70302cf0c3a25189a5a30c0a00b3c0"}
,"/Users/zombiemac/bytezApp/packages/express-backend/models/users.js": {"path":"/Users/zombiemac/bytezApp/packages/express-backend/models/users.js","statementMap":{"0":{"start":{"line":4,"column":29},"end":{"line":18,"column":1}},"1":{"start":{"line":21,"column":29},"end":{"line":35,"column":1}},"2":{"start":{"line":37,"column":19},"end":{"line":59,"column":1}},"3":{"start":{"line":61,"column":13},"end":{"line":61,"column":47}}},"fnMap":{},"branchMap":{},"s":{"0":1,"1":1,"2":1,"3":1},"f":{},"b":{},"_coverageSchema":"1a1c01bbd47fc00a2c39e90264f33305004495a9","hash":"800e75f7541269f32daa7ae0f7d5536867002d76"}
,"/Users/zombiemac/bytezApp/packages/express-backend/services/restaurant-service.js": {"path":"/Users/zombiemac/bytezApp/packages/express-backend/services/restaurant-service.js","statementMap":{"0":{"start":{"line":13,"column":16},"end":{"line":13,"column":18}},"1":{"start":{"line":15,"column":2},"end":{"line":36,"column":3}},"2":{"start":{"line":16,"column":4},"end":{"line":35,"column":6}},"3":{"start":{"line":37,"column":2},"end":{"line":41,"column":3}},"4":{"start":{"line":38,"column":4},"end":{"line":40,"column":6}},"5":{"start":{"line":42,"column":2},"end":{"line":49,"column":3}},"6":{"start":{"line":43,"column":4},"end":{"line":48,"column":6}},"7":{"start":{"line":46,"column":24},"end":{"line":46,"column":44}},"8":{"start":{"line":47,"column":27},"end":{"line":47,"column":47}},"9":{"start":{"line":50,"column":2},"end":{"line":54,"column":3}},"10":{"start":{"line":51,"column":4},"end":{"line":53,"column":6}},"11":{"start":{"line":55,"column":2},"end":{"line":59,"column":3}},"12":{"start":{"line":56,"column":4},"end":{"line":58,"column":6}},"13":{"start":{"line":60,"column":2},"end":{"line":67,"column":3}},"14":{"start":{"line":61,"column":25},"end":{"line":61,"column":50}},"15":{"start":{"line":63,"column":4},"end":{"line":66,"column":6}},"16":{"start":{"line":68,"column":2},"end":{"line":72,"column":3}},"17":{"start":{"line":69,"column":4},"end":{"line":71,"column":6}},"18":{"start":{"line":70,"column":46},"end":{"line":70,"column":58}},"19":{"start":{"line":73,"column":20},"end":{"line":73,"column":22}},"20":{"start":{"line":74,"column":2},"end":{"line":76,"column":3}},"21":{"start":{"line":75,"column":4},"end":{"line":75,"column":26}},"22":{"start":{"line":77,"column":2},"end":{"line":79,"column":3}},"23":{"start":{"line":78,"column":4},"end":{"line":78,"column":25}},"24":{"start":{"line":80,"column":2},"end":{"line":82,"column":3}},"25":{"start":{"line":81,"column":4},"end":{"line":81,"column":23}},"26":{"start":{"line":83,"column":2},"end":{"line":85,"column":3}},"27":{"start":{"line":84,"column":4},"end":{"line":84,"column":36}},"28":{"start":{"line":86,"column":2},"end":{"line":88,"column":3}},"29":{"start":{"line":87,"column":4},"end":{"line":87,"column":37}},"30":{"start":{"line":89,"column":2},"end":{"line":91,"column":3}},"31":{"start":{"line":90,"column":4},"end":{"line":90,"column":24}},"32":{"start":{"line":92,"column":2},"end":{"line":94,"column":3}},"33":{"start":{"line":93,"column":4},"end":{"line":93,"column":25}},"34":{"start":{"line":95,"column":2},"end":{"line":95,"column":53}},"35":{"start":{"line":99,"column":26},"end":{"line":99,"column":57}},"36":{"start":{"line":100,"column":18},"end":{"line":100,"column":40}},"37":{"start":{"line":101,"column":2},"end":{"line":101,"column":17}},"38":{"start":{"line":105,"column":2},"end":{"line":105,"column":38}},"39":{"start":{"line":109,"column":2},"end":{"line":109,"column":47}}},"fnMap":{"0":{"name":"getRestaurants","decl":{"start":{"line":3,"column":9},"end":{"line":3,"column":23}},"loc":{"start":{"line":12,"column":2},"end":{"line":96,"column":1}},"line":12},"1":{"name":"(anonymous_1)","decl":{"start":{"line":46,"column":13},"end":{"line":46,"column":14}},"loc":{"start":{"line":46,"column":24},"end":{"line":46,"column":44}},"line":46},"2":{"name":"(anonymous_2)","decl":{"start":{"line":47,"column":16},"end":{"line":47,"column":17}},"loc":{"start":{"line":47,"column":27},"end":{"line":47,"column":47}},"line":47},"3":{"name":"(anonymous_3)","decl":{"start":{"line":70,"column":35},"end":{"line":70,"column":36}},"loc":{"start":{"line":70,"column":46},"end":{"line":70,"column":58}},"line":70},"4":{"name":"addRestaurant","decl":{"start":{"line":98,"column":9},"end":{"line":98,"column":22}},"loc":{"start":{"line":98,"column":35},"end":{"line":102,"column":1}},"line":98},"5":{"name":"findRestaurantByID","decl":{"start":{"line":104,"column":9},"end":{"line":104,"column":27}},"loc":{"start":{"line":104,"column":32},"end":{"line":106,"column":1}},"line":104},"6":{"name":"deleteRestaurantById","decl":{"start":{"line":108,"column":9},"end":{"line":108,"column":29}},"loc":{"start":{"line":108,"column":34},"end":{"line":110,"column":1}},"line":108}},"branchMap":{"0":{"loc":{"start":{"line":15,"column":2},"end":{"line":36,"column":3}},"type":"if","locations":[{"start":{"line":15,"column":2},"end":{"line":36,"column":3}},{"start":{},"end":{}}],"line":15},"1":{"loc":{"start":{"line":37,"column":2},"end":{"line":41,"column":3}},"type":"if","locations":[{"start":{"line":37,"column":2},"end":{"line":41,"column":3}},{"start":{},"end":{}}],"line":37},"2":{"loc":{"start":{"line":42,"column":2},"end":{"line":49,"column":3}},"type":"if","locations":[{"start":{"line":42,"column":2},"end":{"line":49,"column":3}},{"start":{},"end":{}}],"line":42},"3":{"loc":{"start":{"line":50,"column":2},"end":{"line":54,"column":3}},"type":"if","locations":[{"start":{"line":50,"column":2},"end":{"line":54,"column":3}},{"start":{},"end":{}}],"line":50},"4":{"loc":{"start":{"line":55,"column":2},"end":{"line":59,"column":3}},"type":"if","locations":[{"start":{"line":55,"column":2},"end":{"line":59,"column":3}},{"start":{},"end":{}}],"line":55},"5":{"loc":{"start":{"line":60,"column":2},"end":{"line":67,"column":3}},"type":"if","locations":[{"start":{"line":60,"column":2},"end":{"line":67,"column":3}},{"start":{},"end":{}}],"line":60},"6":{"loc":{"start":{"line":68,"column":2},"end":{"line":72,"column":3}},"type":"if","locations":[{"start":{"line":68,"column":2},"end":{"line":72,"column":3}},{"start":{},"end":{}}],"line":68},"7":{"loc":{"start":{"line":74,"column":2},"end":{"line":76,"column":3}},"type":"if","locations":[{"start":{"line":74,"column":2},"end":{"line":76,"column":3}},{"start":{},"end":{}}],"line":74},"8":{"loc":{"start":{"line":77,"column":2},"end":{"line":79,"column":3}},"type":"if","locations":[{"start":{"line":77,"column":2},"end":{"line":79,"column":3}},{"start":{},"end":{}}],"line":77},"9":{"loc":{"start":{"line":80,"column":2},"end":{"line":82,"column":3}},"type":"if","locations":[{"start":{"line":80,"column":2},"end":{"line":82,"column":3}},{"start":{},"end":{}}],"line":80},"10":{"loc":{"start":{"line":83,"column":2},"end":{"line":85,"column":3}},"type":"if","locations":[{"start":{"line":83,"column":2},"end":{"line":85,"column":3}},{"start":{},"end":{}}],"line":83},"11":{"loc":{"start":{"line":86,"column":2},"end":{"line":88,"column":3}},"type":"if","locations":[{"start":{"line":86,"column":2},"end":{"line":88,"column":3}},{"start":{},"end":{}}],"line":86},"12":{"loc":{"start":{"line":89,"column":2},"end":{"line":91,"column":3}},"type":"if","locations":[{"start":{"line":89,"column":2},"end":{"line":91,"column":3}},{"start":{},"end":{}}],"line":89},"13":{"loc":{"start":{"line":92,"column":2},"end":{"line":94,"column":3}},"type":"if","locations":[{"start":{"line":92,"column":2},"end":{"line":94,"column":3}},{"start":{},"end":{}}],"line":92}},"s":{"0":12,"1":12,"2":3,"3":12,"4":1,"5":12,"6":2,"7":3,"8":3,"9":12,"10":1,"11":12,"12":1,"13":12,"14":1,"15":1,"16":12,"17":1,"18":1,"19":12,"20":12,"21":1,"22":12,"23":1,"24":12,"25":1,"26":12,"27":1,"28":12,"29":1,"30":12,"31":1,"32":12,"33":1,"34":12,"35":1,"36":1,"37":1,"38":1,"39":1},"f":{"0":12,"1":3,"2":3,"3":1,"4":1,"5":1,"6":1},"b":{"0":[3,9],"1":[1,11],"2":[2,10],"3":[1,11],"4":[1,11],"5":[1,11],"6":[1,11],"7":[1,11],"8":[1,11],"9":[1,11],"10":[1,11],"11":[1,11],"12":[1,11],"13":[1,11]},"_coverageSchema":"1a1c01bbd47fc00a2c39e90264f33305004495a9","hash":"859fb140797093f7c63fc8ceb6a3baca980476be"}
,"/Users/zombiemac/bytezApp/packages/express-backend/services/user-service.js": {"path":"/Users/zombiemac/bytezApp/packages/express-backend/services/user-service.js","statementMap":{"0":{"start":{"line":6,"column":25},"end":{"line":6,"column":61}},"1":{"start":{"line":8,"column":20},"end":{"line":14,"column":4}},"2":{"start":{"line":16,"column":2},"end":{"line":16,"column":26}},"3":{"start":{"line":20,"column":2},"end":{"line":23,"column":34}},"4":{"start":{"line":27,"column":2},"end":{"line":30,"column":34}},"5":{"start":{"line":34,"column":2},"end":{"line":34,"column":41}},"6":{"start":{"line":38,"column":15},"end":{"line":38,"column":52}},"7":{"start":{"line":40,"column":2},"end":{"line":42,"column":3}},"8":{"start":{"line":41,"column":4},"end":{"line":41,"column":16}},"9":{"start":{"line":44,"column":25},"end":{"line":47,"column":3}},"10":{"start":{"line":49,"column":2},"end":{"line":49,"column":38}},"11":{"start":{"line":53,"column":2},"end":{"line":60,"column":34}},"12":{"start":{"line":64,"column":2},"end":{"line":75,"column":34}},"13":{"start":{"line":79,"column":2},"end":{"line":93,"column":34}},"14":{"start":{"line":97,"column":2},"end":{"line":110,"column":34}},"15":{"start":{"line":114,"column":2},"end":{"line":128,"column":34}},"16":{"start":{"line":132,"column":2},"end":{"line":146,"column":34}},"17":{"start":{"line":150,"column":2},"end":{"line":163,"column":34}},"18":{"start":{"line":173,"column":15},"end":{"line":173,"column":47}},"19":{"start":{"line":174,"column":2},"end":{"line":179,"column":3}},"20":{"start":{"line":175,"column":4},"end":{"line":177,"column":6}},"21":{"start":{"line":178,"column":4},"end":{"line":178,"column":23}},"22":{"start":{"line":180,"column":17},"end":{"line":182,"column":3}},"23":{"start":{"line":181,"column":41},"end":{"line":181,"column":54}},"24":{"start":{"line":183,"column":19},"end":{"line":183,"column":28}},"25":{"start":{"line":184,"column":18},"end":{"line":184,"column":27}},"26":{"start":{"line":186,"column":2},"end":{"line":188,"column":3}},"27":{"start":{"line":187,"column":4},"end":{"line":187,"column":56}},"28":{"start":{"line":189,"column":2},"end":{"line":196,"column":3}},"29":{"start":{"line":190,"column":18},"end":{"line":190,"column":44}},"30":{"start":{"line":192,"column":4},"end":{"line":194,"column":5}},"31":{"start":{"line":193,"column":6},"end":{"line":193,"column":29}},"32":{"start":{"line":195,"column":4},"end":{"line":195,"column":39}},"33":{"start":{"line":198,"column":15},"end":{"line":207,"column":4}},"34":{"start":{"line":199,"column":18},"end":{"line":199,"column":43}},"35":{"start":{"line":201,"column":4},"end":{"line":206,"column":6}},"36":{"start":{"line":209,"column":2},"end":{"line":214,"column":4}},"37":{"start":{"line":215,"column":2},"end":{"line":215,"column":16}},"38":{"start":{"line":224,"column":15},"end":{"line":224,"column":26}},"39":{"start":{"line":226,"column":2},"end":{"line":230,"column":3}},"40":{"start":{"line":227,"column":4},"end":{"line":229,"column":6}},"41":{"start":{"line":228,"column":6},"end":{"line":228,"column":43}},"42":{"start":{"line":228,"column":26},"end":{"line":228,"column":42}},"43":{"start":{"line":232,"column":2},"end":{"line":234,"column":3}},"44":{"start":{"line":233,"column":4},"end":{"line":233,"column":52}},"45":{"start":{"line":233,"column":34},"end":{"line":233,"column":50}},"46":{"start":{"line":236,"column":2},"end":{"line":238,"column":3}},"47":{"start":{"line":237,"column":4},"end":{"line":237,"column":60}},"48":{"start":{"line":237,"column":35},"end":{"line":237,"column":58}},"49":{"start":{"line":240,"column":2},"end":{"line":240,"column":16}},"50":{"start":{"line":243,"column":2},"end":{"line":344,"column":5}}},"fnMap":{"0":{"name":"createUser","decl":{"start":{"line":5,"column":15},"end":{"line":5,"column":25}},"loc":{"start":{"line":5,"column":32},"end":{"line":17,"column":1}},"line":5},"1":{"name":"getUsers","decl":{"start":{"line":19,"column":9},"end":{"line":19,"column":17}},"loc":{"start":{"line":19,"column":20},"end":{"line":24,"column":1}},"line":19},"2":{"name":"findUserById","decl":{"start":{"line":26,"column":9},"end":{"line":26,"column":21}},"loc":{"start":{"line":26,"column":26},"end":{"line":31,"column":1}},"line":26},"3":{"name":"findUserByUsername","decl":{"start":{"line":33,"column":9},"end":{"line":33,"column":27}},"loc":{"start":{"line":33,"column":38},"end":{"line":35,"column":1}},"line":33},"4":{"name":"verifyUserPassword","decl":{"start":{"line":37,"column":15},"end":{"line":37,"column":33}},"loc":{"start":{"line":37,"column":54},"end":{"line":50,"column":1}},"line":37},"5":{"name":"addFavoriteRestaurant","decl":{"start":{"line":52,"column":9},"end":{"line":52,"column":30}},"loc":{"start":{"line":52,"column":53},"end":{"line":61,"column":1}},"line":52},"6":{"name":"removeFavoriteRestaurant","decl":{"start":{"line":63,"column":9},"end":{"line":63,"column":33}},"loc":{"start":{"line":63,"column":56},"end":{"line":76,"column":1}},"line":63},"7":{"name":"addPersonalNote","decl":{"start":{"line":78,"column":9},"end":{"line":78,"column":24}},"loc":{"start":{"line":78,"column":53},"end":{"line":94,"column":1}},"line":78},"8":{"name":"removePersonalNote","decl":{"start":{"line":96,"column":9},"end":{"line":96,"column":27}},"loc":{"start":{"line":96,"column":44},"end":{"line":111,"column":1}},"line":96},"9":{"name":"updatePersonalNote","decl":{"start":{"line":113,"column":9},"end":{"line":113,"column":27}},"loc":{"start":{"line":113,"column":50},"end":{"line":129,"column":1}},"line":113},"10":{"name":"addMood","decl":{"start":{"line":131,"column":9},"end":{"line":131,"column":16}},"loc":{"start":{"line":131,"column":45},"end":{"line":147,"column":1}},"line":131},"11":{"name":"removeMood","decl":{"start":{"line":149,"column":9},"end":{"line":149,"column":19}},"loc":{"start":{"line":149,"column":36},"end":{"line":164,"column":1}},"line":149},"12":{"name":"addUserRestaurantData","decl":{"start":{"line":166,"column":15},"end":{"line":166,"column":36}},"loc":{"start":{"line":172,"column":2},"end":{"line":216,"column":1}},"line":172},"13":{"name":"(anonymous_13)","decl":{"start":{"line":181,"column":33},"end":{"line":181,"column":34}},"loc":{"start":{"line":181,"column":41},"end":{"line":181,"column":54}},"line":181},"14":{"name":"(anonymous_14)","decl":{"start":{"line":198,"column":31},"end":{"line":198,"column":32}},"loc":{"start":{"line":198,"column":47},"end":{"line":207,"column":3}},"line":198},"15":{"name":"filter_restaurant_data","decl":{"start":{"line":218,"column":9},"end":{"line":218,"column":31}},"loc":{"start":{"line":223,"column":2},"end":{"line":241,"column":1}},"line":223},"16":{"name":"(anonymous_16)","decl":{"start":{"line":227,"column":27},"end":{"line":227,"column":28}},"loc":{"start":{"line":228,"column":6},"end":{"line":228,"column":43}},"line":228},"17":{"name":"(anonymous_17)","decl":{"start":{"line":228,"column":19},"end":{"line":228,"column":20}},"loc":{"start":{"line":228,"column":26},"end":{"line":228,"column":42}},"line":228},"18":{"name":"(anonymous_18)","decl":{"start":{"line":233,"column":27},"end":{"line":233,"column":28}},"loc":{"start":{"line":233,"column":34},"end":{"line":233,"column":50}},"line":233},"19":{"name":"(anonymous_19)","decl":{"start":{"line":237,"column":25},"end":{"line":237,"column":26}},"loc":{"start":{"line":237,"column":35},"end":{"line":237,"column":58}},"line":237},"20":{"name":"getSavedRestaurants","decl":{"start":{"line":242,"column":9},"end":{"line":242,"column":28}},"loc":{"start":{"line":242,"column":37},"end":{"line":345,"column":1}},"line":242}},"branchMap":{"0":{"loc":{"start":{"line":40,"column":2},"end":{"line":42,"column":3}},"type":"if","locations":[{"start":{"line":40,"column":2},"end":{"line":42,"column":3}},{"start":{},"end":{}}],"line":40},"1":{"loc":{"start":{"line":49,"column":9},"end":{"line":49,"column":37}},"type":"cond-expr","locations":[{"start":{"line":49,"column":26},"end":{"line":49,"column":30}},{"start":{"line":49,"column":33},"end":{"line":49,"column":37}}],"line":49},"2":{"loc":{"start":{"line":174,"column":2},"end":{"line":179,"column":3}},"type":"if","locations":[{"start":{"line":174,"column":2},"end":{"line":179,"column":3}},{"start":{},"end":{}}],"line":174},"3":{"loc":{"start":{"line":192,"column":4},"end":{"line":194,"column":5}},"type":"if","locations":[{"start":{"line":192,"column":4},"end":{"line":194,"column":5}},{"start":{},"end":{}}],"line":192},"4":{"loc":{"start":{"line":204,"column":13},"end":{"line":204,"column":40}},"type":"binary-expr","locations":[{"start":{"line":204,"column":13},"end":{"line":204,"column":32}},{"start":{"line":204,"column":36},"end":{"line":204,"column":40}}],"line":204},"5":{"loc":{"start":{"line":205,"column":13},"end":{"line":205,"column":37}},"type":"binary-expr","locations":[{"start":{"line":205,"column":13},"end":{"line":205,"column":31}},{"start":{"line":205,"column":35},"end":{"line":205,"column":37}}],"line":205},"6":{"loc":{"start":{"line":226,"column":2},"end":{"line":230,"column":3}},"type":"if","locations":[{"start":{"line":226,"column":2},"end":{"line":230,"column":3}},{"start":{},"end":{}}],"line":226},"7":{"loc":{"start":{"line":232,"column":2},"end":{"line":234,"column":3}},"type":"if","locations":[{"start":{"line":232,"column":2},"end":{"line":234,"column":3}},{"start":{},"end":{}}],"line":232},"8":{"loc":{"start":{"line":236,"column":2},"end":{"line":238,"column":3}},"type":"if","locations":[{"start":{"line":236,"column":2},"end":{"line":238,"column":3}},{"start":{},"end":{}}],"line":236}},"s":{"0":19,"1":19,"2":19,"3":1,"4":1,"5":1,"6":3,"7":3,"8":1,"9":2,"10":2,"11":7,"12":1,"13":7,"14":1,"15":1,"16":6,"17":1,"18":5,"19":5,"20":1,"21":1,"22":4,"23":2,"24":4,"25":4,"26":4,"27":2,"28":4,"29":2,"30":2,"31":2,"32":2,"33":4,"34":5,"35":5,"36":4,"37":4,"38":4,"39":4,"40":1,"41":1,"42":1,"43":4,"44":1,"45":1,"46":4,"47":1,"48":1,"49":4,"50":2},"f":{"0":19,"1":1,"2":1,"3":1,"4":3,"5":7,"6":1,"7":7,"8":1,"9":1,"10":6,"11":1,"12":5,"13":2,"14":5,"15":4,"16":1,"17":1,"18":1,"19":1,"20":2},"b":{"0":[1,2],"1":[1,1],"2":[1,4],"3":[2,0],"4":[5,3],"5":[5,3],"6":[1,3],"7":[1,3],"8":[1,3]},"_coverageSchema":"1a1c01bbd47fc00a2c39e90264f33305004495a9","hash":"21724f5dfbfb947571b499b54c58aa6de2f552d6"}
}
