TN:
SF:models/restaurants.js
FNF:0
FNH:0
DA:3,2
DA:49,2
LF:2
LH:2
BRF:0
BRH:0
end_of_record
TN:
SF:models/users.js
FNF:0
FNH:0
DA:4,1
DA:21,1
DA:37,1
DA:61,1
LF:4
LH:4
BRF:0
BRH:0
end_of_record
TN:
SF:services/restaurant-service.js
FN:3,getRestaurants
FN:46,(anonymous_1)
FN:47,(anonymous_2)
FN:70,(anonymous_3)
FN:98,addRestaurant
FN:104,findRestaurantByID
FN:108,deleteRestaurantById
FNF:7
FNH:7
FNDA:12,getRestaurants
FNDA:3,(anonymous_1)
FNDA:3,(anonymous_2)
FNDA:1,(anonymous_3)
FNDA:1,addRestaurant
FNDA:1,findRestaurantByID
FNDA:1,deleteRestaurantById
DA:13,12
DA:15,12
DA:16,3
DA:37,12
DA:38,1
DA:42,12
DA:43,2
DA:46,3
DA:47,3
DA:50,12
DA:51,1
DA:55,12
DA:56,1
DA:60,12
DA:61,1
DA:63,1
DA:68,12
DA:69,1
DA:70,1
DA:73,12
DA:74,12
DA:75,1
DA:77,12
DA:78,1
DA:80,12
DA:81,1
DA:83,12
DA:84,1
DA:86,12
DA:87,1
DA:89,12
DA:90,1
DA:92,12
DA:93,1
DA:95,12
DA:99,1
DA:100,1
DA:101,1
DA:105,1
DA:109,1
LF:40
LH:40
BRDA:15,0,0,3
BRDA:15,0,1,9
BRDA:37,1,0,1
BRDA:37,1,1,11
BRDA:42,2,0,2
BRDA:42,2,1,10
BRDA:50,3,0,1
BRDA:50,3,1,11
BRDA:55,4,0,1
BRDA:55,4,1,11
BRDA:60,5,0,1
BRDA:60,5,1,11
BRDA:68,6,0,1
BRDA:68,6,1,11
BRDA:74,7,0,1
BRDA:74,7,1,11
BRDA:77,8,0,1
BRDA:77,8,1,11
BRDA:80,9,0,1
BRDA:80,9,1,11
BRDA:83,10,0,1
BRDA:83,10,1,11
BRDA:86,11,0,1
BRDA:86,11,1,11
BRDA:89,12,0,1
BRDA:89,12,1,11
BRDA:92,13,0,1
BRDA:92,13,1,11
BRF:28
BRH:28
end_of_record
TN:
SF:services/user-service.js
FN:5,createUser
FN:19,getUsers
FN:26,findUserById
FN:33,findUserByUsername
FN:37,verifyUserPassword
FN:52,addFavoriteRestaurant
FN:63,removeFavoriteRestaurant
FN:78,addPersonalNote
FN:96,removePersonalNote
FN:113,updatePersonalNote
FN:131,addMood
FN:149,removeMood
FN:166,addUserRestaurantData
FN:181,(anonymous_13)
FN:198,(anonymous_14)
FN:218,filter_restaurant_data
FN:227,(anonymous_16)
FN:228,(anonymous_17)
FN:233,(anonymous_18)
FN:237,(anonymous_19)
FN:242,getSavedRestaurants
FNF:21
FNH:21
FNDA:19,createUser
FNDA:1,getUsers
FNDA:1,findUserById
FNDA:1,findUserByUsername
FNDA:3,verifyUserPassword
FNDA:7,addFavoriteRestaurant
FNDA:1,removeFavoriteRestaurant
FNDA:7,addPersonalNote
FNDA:1,removePersonalNote
FNDA:1,updatePersonalNote
FNDA:6,addMood
FNDA:1,removeMood
FNDA:5,addUserRestaurantData
FNDA:2,(anonymous_13)
FNDA:5,(anonymous_14)
FNDA:4,filter_restaurant_data
FNDA:1,(anonymous_16)
FNDA:1,(anonymous_17)
FNDA:1,(anonymous_18)
FNDA:1,(anonymous_19)
FNDA:2,getSavedRestaurants
DA:6,19
DA:8,19
DA:16,19
DA:20,1
DA:27,1
DA:34,1
DA:38,3
DA:40,3
DA:41,1
DA:44,2
DA:49,2
DA:53,7
DA:64,1
DA:79,7
DA:97,1
DA:114,1
DA:132,6
DA:150,1
DA:173,5
DA:174,5
DA:175,1
DA:178,1
DA:180,4
DA:181,2
DA:183,4
DA:184,4
DA:186,4
DA:187,2
DA:189,4
DA:190,2
DA:192,2
DA:193,2
DA:195,2
DA:198,4
DA:199,5
DA:201,5
DA:209,4
DA:215,4
DA:224,4
DA:226,4
DA:227,1
DA:228,1
DA:232,4
DA:233,1
DA:236,4
DA:237,1
DA:240,4
DA:243,2
LF:48
LH:48
BRDA:40,0,0,1
BRDA:40,0,1,2
BRDA:49,1,0,1
BRDA:49,1,1,1
BRDA:174,2,0,1
BRDA:174,2,1,4
BRDA:192,3,0,2
BRDA:192,3,1,0
BRDA:204,4,0,5
BRDA:204,4,1,3
BRDA:205,5,0,5
BRDA:205,5,1,3
BRDA:226,6,0,1
BRDA:226,6,1,3
BRDA:232,7,0,1
BRDA:232,7,1,3
BRDA:236,8,0,1
BRDA:236,8,1,3
BRF:18
BRH:17
end_of_record
